F:\C_test\小项目\贪吃蛇\Debug\cl.command.1.tlog
F:\C_test\小项目\贪吃蛇\Debug\CL.read.1.tlog
F:\C_test\小项目\贪吃蛇\Debug\CL.write.1.tlog
F:\C_TEST\小项目\贪吃蛇\DEBUG\CONSOLE.OBJ
F:\C_TEST\小项目\贪吃蛇\DEBUG\INTERACTIVE.OBJ
F:\C_test\小项目\贪吃蛇\Debug\link.10544.read.1.tlog
F:\C_test\小项目\贪吃蛇\Debug\link.10544.write.1.tlog
F:\C_test\小项目\贪吃蛇\Debug\link.5016.read.1.tlog
F:\C_test\小项目\贪吃蛇\Debug\link.5016.write.1.tlog
F:\C_test\小项目\贪吃蛇\Debug\link.5864.read.1.tlog
F:\C_test\小项目\贪吃蛇\Debug\link.5864.write.1.tlog
F:\C_test\小项目\贪吃蛇\Debug\link.7368.read.1.tlog
F:\C_test\小项目\贪吃蛇\Debug\link.7368.write.1.tlog
F:\C_test\小项目\贪吃蛇\Debug\link.7420.read.1.tlog
F:\C_test\小项目\贪吃蛇\Debug\link.7420.write.1.tlog
F:\C_test\小项目\贪吃蛇\Debug\link.8552.read.1.tlog
F:\C_test\小项目\贪吃蛇\Debug\link.8552.write.1.tlog
F:\C_test\小项目\贪吃蛇\Debug\link.8716.read.1.tlog
F:\C_test\小项目\贪吃蛇\Debug\link.8716.write.1.tlog
F:\C_test\小项目\贪吃蛇\Debug\link.968.read.1.tlog
F:\C_test\小项目\贪吃蛇\Debug\link.968.write.1.tlog
F:\C_test\小项目\贪吃蛇\Debug\link.command.1.tlog
F:\C_test\小项目\贪吃蛇\Debug\link.read.1.tlog
F:\C_test\小项目\贪吃蛇\Debug\link.write.1.tlog
F:\C_test\小项目\贪吃蛇\Debug\link-cvtres.read.1.tlog
F:\C_test\小项目\贪吃蛇\Debug\link-cvtres.write.1.tlog
F:\C_TEST\小项目\贪吃蛇\DEBUG\MAIN.OBJ
F:\C_test\小项目\贪吃蛇\Debug\mt.command.1.tlog
F:\C_test\小项目\贪吃蛇\Debug\mt.read.1.tlog
F:\C_test\小项目\贪吃蛇\Debug\mt.write.1.tlog
F:\C_test\小项目\贪吃蛇\Debug\rc.command.1.tlog
F:\C_test\小项目\贪吃蛇\Debug\rc.read.1.tlog
F:\C_test\小项目\贪吃蛇\Debug\rc.write.1.tlog
F:\C_TEST\小项目\贪吃蛇\DEBUG\SNACK.OBJ
F:\C_TEST\小项目\贪吃蛇\DEBUG\SNAKE.OBJ
F:\C_TEST\小项目\贪吃蛇\DEBUG\THEMAP.OBJ
F:\C_test\小项目\贪吃蛇\Debug\vc100.idb
F:\C_TEST\小项目\贪吃蛇\DEBUG\VC100.PDB
F:\C_TEST\小项目\贪吃蛇\DEBUG\贪吃蛇.EXE
F:\C_test\小项目\贪吃蛇\Debug\贪吃蛇.exe.embed.manifest
F:\C_TEST\小项目\贪吃蛇\DEBUG\贪吃蛇.EXE.EMBED.MANIFEST.RES
F:\C_TEST\小项目\贪吃蛇\DEBUG\贪吃蛇.EXE.INTERMEDIATE.MANIFEST
F:\C_TEST\小项目\贪吃蛇\DEBUG\贪吃蛇.EXE.MANIFEST
F:\C_TEST\小项目\贪吃蛇\DEBUG\贪吃蛇.ILK
F:\C_TEST\小项目\贪吃蛇\DEBUG\贪吃蛇.PDB
F:\C_test\小项目\贪吃蛇\Debug\贪吃蛇.vcxprojResolveAssemblyReference.cache
F:\C_test\小项目\贪吃蛇\Debug\贪吃蛇.write.1.tlog
F:\C_test\小项目\贪吃蛇\Debug\贪吃蛇_manifest.rc
